<?xml version="1.0" encoding="UTF-8"?>
<!-- Generated by org.testng.reporters.JUnitReportReporter -->
<testsuite skipped="0" hostname="Remons-MacBook-Pro.local" name="runner.TestRunner" tests="1" failures="0" timestamp="29 Jan 2019 14:47:46 GMT" time="9.096" errors="0">
  <testcase name="feature" time="9.096" classname="runner.TestRunner"/>
</testsuite> <!-- runner.TestRunner -->
